<?xml version="1.0" encoding="UTF-8"?>
<testng-results skipped="0" failed="0" total="1" passed="1">
  <reporter-output>
  </reporter-output>
  <suite name="Default suite" duration-ms="5707" started-at="2022-09-20T02:18:55Z" finished-at="2022-09-20T02:19:01Z">
    <groups>
    </groups>
    <test name="Default test" duration-ms="5707" started-at="2022-09-20T02:18:55Z" finished-at="2022-09-20T02:19:01Z">
      <class name="selenium_api.Topic_6_CustomDropdown">
        <test-method status="PASS" signature="beforeClass()[pri:0, instance:selenium_api.Topic_6_CustomDropdown@eff760]" name="beforeClass" is-config="true" duration-ms="2287" started-at="2022-09-20T09:18:55Z" finished-at="2022-09-20T09:18:57Z">
          <reporter-output>
          </reporter-output>
        </test-method> <!-- beforeClass -->
        <test-method status="PASS" signature="TC_02_CustomDropdown()[pri:0, instance:selenium_api.Topic_6_CustomDropdown@eff760]" name="TC_02_CustomDropdown" duration-ms="3408" started-at="2022-09-20T09:18:57Z" finished-at="2022-09-20T09:19:01Z">
          <reporter-output>
          </reporter-output>
        </test-method> <!-- TC_02_CustomDropdown -->
        <test-method status="PASS" signature="afterClass()[pri:0, instance:selenium_api.Topic_6_CustomDropdown@eff760]" name="afterClass" is-config="true" duration-ms="1" started-at="2022-09-20T09:19:01Z" finished-at="2022-09-20T09:19:01Z">
          <reporter-output>
          </reporter-output>
        </test-method> <!-- afterClass -->
      </class> <!-- selenium_api.Topic_6_CustomDropdown -->
    </test> <!-- Default test -->
  </suite> <!-- Default suite -->
</testng-results>
